<?xml version="1.0" encoding="UTF-8"?>
<!-- Generated by org.testng.reporters.JUnitReportReporter -->
<testsuite hostname="DESKTOP-EA5UFC7" failures="0" tests="1" name="BuggyCars.LandingPage" time="7.103" errors="0" timestamp="2022-05-09T18:46:20 NZST" skipped="0">
  <testcase classname="BuggyCars.LandingPage" name="FirstPage" time="7.103"/>
  <system-out/>
</testsuite> <!-- BuggyCars.LandingPage -->
